<?xml version="1.0" encoding="UTF-8"?>
<testsuite xmlns:xsi="http://www.w3.org/2001/XMLSchema-instance" xsi:noNamespaceSchemaLocation="https://maven.apache.org/surefire/maven-surefire-plugin/xsd/surefire-test-report.xsd" name="com.t3b.msinventory.AuthMServicesInventoryApplicationTests" time="15.432" tests="1" errors="0" skipped="0" failures="0">
  <properties>
    <property name="gopherProxySet" value="false"/>
    <property name="awt.toolkit" value="sun.lwawt.macosx.LWCToolkit"/>
    <property name="file.encoding.pkg" value="sun.io"/>
    <property name="java.specification.version" value="1.8"/>
    <property name="sun.cpu.isalist" value=""/>
    <property name="sun.jnu.encoding" value="UTF-8"/>
    <property name="java.class.path" value="/Users/manukhdez/Desktop/Maquina3B/ManDoc/Proyectos/Android/Versiones_INV_ALM/MicroServicio/Codigo/AuthMServicesInventory/target/test-classes:/Users/manukhdez/Desktop/Maquina3B/ManDoc/Proyectos/Android/Versiones_INV_ALM/MicroServicio/Codigo/AuthMServicesInventory/target/classes:/Users/manukhdez/.m2/repository/org/springframework/boot/spring-boot-starter-jersey/2.3.12.RELEASE/spring-boot-starter-jersey-2.3.12.RELEASE.jar:/Users/manukhdez/.m2/repository/org/springframework/boot/spring-boot-starter-json/2.3.12.RELEASE/spring-boot-starter-json-2.3.12.RELEASE.jar:/Users/manukhdez/.m2/repository/com/fasterxml/jackson/core/jackson-databind/2.11.4/jackson-databind-2.11.4.jar:/Users/manukhdez/.m2/repository/com/fasterxml/jackson/core/jackson-core/2.11.4/jackson-core-2.11.4.jar:/Users/manukhdez/.m2/repository/com/fasterxml/jackson/datatype/jackson-datatype-jdk8/2.11.4/jackson-datatype-jdk8-2.11.4.jar:/Users/manukhdez/.m2/repository/com/fasterxml/jackson/datatype/jackson-datatype-jsr310/2.11.4/jackson-datatype-jsr310-2.11.4.jar:/Users/manukhdez/.m2/repository/com/fasterxml/jackson/module/jackson-module-parameter-names/2.11.4/jackson-module-parameter-names-2.11.4.jar:/Users/manukhdez/.m2/repository/org/springframework/boot/spring-boot-starter-tomcat/2.3.12.RELEASE/spring-boot-starter-tomcat-2.3.12.RELEASE.jar:/Users/manukhdez/.m2/repository/jakarta/annotation/jakarta.annotation-api/1.3.5/jakarta.annotation-api-1.3.5.jar:/Users/manukhdez/.m2/repository/org/apache/tomcat/embed/tomcat-embed-core/9.0.46/tomcat-embed-core-9.0.46.jar:/Users/manukhdez/.m2/repository/org/glassfish/jakarta.el/3.0.3/jakarta.el-3.0.3.jar:/Users/manukhdez/.m2/repository/org/apache/tomcat/embed/tomcat-embed-websocket/9.0.46/tomcat-embed-websocket-9.0.46.jar:/Users/manukhdez/.m2/repository/org/springframework/boot/spring-boot-starter-validation/2.3.12.RELEASE/spring-boot-starter-validation-2.3.12.RELEASE.jar:/Users/manukhdez/.m2/repository/org/hibernate/validator/hibernate-validator/6.1.7.Final/hibernate-validator-6.1.7.Final.jar:/Users/manukhdez/.m2/repository/org/jboss/logging/jboss-logging/3.4.2.Final/jboss-logging-3.4.2.Final.jar:/Users/manukhdez/.m2/repository/com/fasterxml/classmate/1.5.1/classmate-1.5.1.jar:/Users/manukhdez/.m2/repository/org/springframework/spring-web/5.2.15.RELEASE/spring-web-5.2.15.RELEASE.jar:/Users/manukhdez/.m2/repository/org/springframework/spring-beans/5.2.15.RELEASE/spring-beans-5.2.15.RELEASE.jar:/Users/manukhdez/.m2/repository/org/glassfish/jersey/core/jersey-server/2.30.1/jersey-server-2.30.1.jar:/Users/manukhdez/.m2/repository/org/glassfish/jersey/core/jersey-common/2.30.1/jersey-common-2.30.1.jar:/Users/manukhdez/.m2/repository/org/glassfish/hk2/osgi-resource-locator/1.0.3/osgi-resource-locator-1.0.3.jar:/Users/manukhdez/.m2/repository/org/glassfish/jersey/core/jersey-client/2.30.1/jersey-client-2.30.1.jar:/Users/manukhdez/.m2/repository/jakarta/ws/rs/jakarta.ws.rs-api/2.1.6/jakarta.ws.rs-api-2.1.6.jar:/Users/manukhdez/.m2/repository/org/glassfish/jersey/media/jersey-media-jaxb/2.30.1/jersey-media-jaxb-2.30.1.jar:/Users/manukhdez/.m2/repository/org/glassfish/hk2/external/jakarta.inject/2.6.1/jakarta.inject-2.6.1.jar:/Users/manukhdez/.m2/repository/jakarta/validation/jakarta.validation-api/2.0.2/jakarta.validation-api-2.0.2.jar:/Users/manukhdez/.m2/repository/org/glassfish/jersey/containers/jersey-container-servlet-core/2.30.1/jersey-container-servlet-core-2.30.1.jar:/Users/manukhdez/.m2/repository/org/glassfish/jersey/containers/jersey-container-servlet/2.30.1/jersey-container-servlet-2.30.1.jar:/Users/manukhdez/.m2/repository/org/glassfish/jersey/ext/jersey-bean-validation/2.30.1/jersey-bean-validation-2.30.1.jar:/Users/manukhdez/.m2/repository/org/glassfish/jersey/ext/jersey-spring5/2.30.1/jersey-spring5-2.30.1.jar:/Users/manukhdez/.m2/repository/org/glassfish/jersey/inject/jersey-hk2/2.30.1/jersey-hk2-2.30.1.jar:/Users/manukhdez/.m2/repository/org/glassfish/hk2/hk2-locator/2.6.1/hk2-locator-2.6.1.jar:/Users/manukhdez/.m2/repository/org/glassfish/hk2/external/aopalliance-repackaged/2.6.1/aopalliance-repackaged-2.6.1.jar:/Users/manukhdez/.m2/repository/org/javassist/javassist/3.25.0-GA/javassist-3.25.0-GA.jar:/Users/manukhdez/.m2/repository/org/glassfish/hk2/hk2/2.6.1/hk2-2.6.1.jar:/Users/manukhdez/.m2/repository/org/glassfish/hk2/hk2-utils/2.6.1/hk2-utils-2.6.1.jar:/Users/manukhdez/.m2/repository/org/glassfish/hk2/hk2-api/2.6.1/hk2-api-2.6.1.jar:/Users/manukhdez/.m2/repository/org/glassfish/hk2/hk2-core/2.6.1/hk2-core-2.6.1.jar:/Users/manukhdez/.m2/repository/org/glassfish/hk2/hk2-runlevel/2.6.1/hk2-runlevel-2.6.1.jar:/Users/manukhdez/.m2/repository/org/glassfish/hk2/class-model/2.6.1/class-model-2.6.1.jar:/Users/manukhdez/.m2/repository/org/ow2/asm/asm/7.1/asm-7.1.jar:/Users/manukhdez/.m2/repository/org/ow2/asm/asm-analysis/7.1/asm-analysis-7.1.jar:/Users/manukhdez/.m2/repository/org/ow2/asm/asm-commons/7.1/asm-commons-7.1.jar:/Users/manukhdez/.m2/repository/org/ow2/asm/asm-tree/7.1/asm-tree-7.1.jar:/Users/manukhdez/.m2/repository/org/ow2/asm/asm-util/7.1/asm-util-7.1.jar:/Users/manukhdez/.m2/repository/org/glassfish/hk2/spring-bridge/2.6.1/spring-bridge-2.6.1.jar:/Users/manukhdez/.m2/repository/org/springframework/spring-context/5.2.15.RELEASE/spring-context-5.2.15.RELEASE.jar:/Users/manukhdez/.m2/repository/org/springframework/spring-aop/5.2.15.RELEASE/spring-aop-5.2.15.RELEASE.jar:/Users/manukhdez/.m2/repository/org/glassfish/jersey/media/jersey-media-json-jackson/2.30.1/jersey-media-json-jackson-2.30.1.jar:/Users/manukhdez/.m2/repository/org/glassfish/jersey/ext/jersey-entity-filtering/2.30.1/jersey-entity-filtering-2.30.1.jar:/Users/manukhdez/.m2/repository/com/fasterxml/jackson/core/jackson-annotations/2.11.4/jackson-annotations-2.11.4.jar:/Users/manukhdez/.m2/repository/com/fasterxml/jackson/module/jackson-module-jaxb-annotations/2.11.4/jackson-module-jaxb-annotations-2.11.4.jar:/Users/manukhdez/.m2/repository/org/springframework/boot/spring-boot-starter-web/2.3.12.RELEASE/spring-boot-starter-web-2.3.12.RELEASE.jar:/Users/manukhdez/.m2/repository/org/springframework/boot/spring-boot-starter/2.3.12.RELEASE/spring-boot-starter-2.3.12.RELEASE.jar:/Users/manukhdez/.m2/repository/org/springframework/boot/spring-boot-starter-logging/2.3.12.RELEASE/spring-boot-starter-logging-2.3.12.RELEASE.jar:/Users/manukhdez/.m2/repository/ch/qos/logback/logback-classic/1.2.3/logback-classic-1.2.3.jar:/Users/manukhdez/.m2/repository/ch/qos/logback/logback-core/1.2.3/logback-core-1.2.3.jar:/Users/manukhdez/.m2/repository/org/apache/logging/log4j/log4j-to-slf4j/2.13.3/log4j-to-slf4j-2.13.3.jar:/Users/manukhdez/.m2/repository/org/apache/logging/log4j/log4j-api/2.13.3/log4j-api-2.13.3.jar:/Users/manukhdez/.m2/repository/org/slf4j/jul-to-slf4j/1.7.30/jul-to-slf4j-1.7.30.jar:/Users/manukhdez/.m2/repository/org/yaml/snakeyaml/1.26/snakeyaml-1.26.jar:/Users/manukhdez/.m2/repository/org/springframework/spring-webmvc/5.2.15.RELEASE/spring-webmvc-5.2.15.RELEASE.jar:/Users/manukhdez/.m2/repository/org/springframework/spring-expression/5.2.15.RELEASE/spring-expression-5.2.15.RELEASE.jar:/Users/manukhdez/.m2/repository/org/springframework/boot/spring-boot-starter-web-services/2.3.12.RELEASE/spring-boot-starter-web-services-2.3.12.RELEASE.jar:/Users/manukhdez/.m2/repository/com/sun/xml/messaging/saaj/saaj-impl/1.5.3/saaj-impl-1.5.3.jar:/Users/manukhdez/.m2/repository/jakarta/xml/soap/jakarta.xml.soap-api/1.4.2/jakarta.xml.soap-api-1.4.2.jar:/Users/manukhdez/.m2/repository/org/jvnet/staxex/stax-ex/1.8.3/stax-ex-1.8.3.jar:/Users/manukhdez/.m2/repository/com/sun/activation/jakarta.activation/1.2.2/jakarta.activation-1.2.2.jar:/Users/manukhdez/.m2/repository/jakarta/xml/ws/jakarta.xml.ws-api/2.3.3/jakarta.xml.ws-api-2.3.3.jar:/Users/manukhdez/.m2/repository/jakarta/jws/jakarta.jws-api/2.1.0/jakarta.jws-api-2.1.0.jar:/Users/manukhdez/.m2/repository/org/springframework/spring-oxm/5.2.15.RELEASE/spring-oxm-5.2.15.RELEASE.jar:/Users/manukhdez/.m2/repository/org/springframework/ws/spring-ws-core/3.0.10.RELEASE/spring-ws-core-3.0.10.RELEASE.jar:/Users/manukhdez/.m2/repository/org/springframework/ws/spring-xml/3.0.10.RELEASE/spring-xml-3.0.10.RELEASE.jar:/Users/manukhdez/.m2/repository/org/springframework/boot/spring-boot-starter-test/2.3.12.RELEASE/spring-boot-starter-test-2.3.12.RELEASE.jar:/Users/manukhdez/.m2/repository/org/springframework/boot/spring-boot-test/2.3.12.RELEASE/spring-boot-test-2.3.12.RELEASE.jar:/Users/manukhdez/.m2/repository/org/springframework/boot/spring-boot-test-autoconfigure/2.3.12.RELEASE/spring-boot-test-autoconfigure-2.3.12.RELEASE.jar:/Users/manukhdez/.m2/repository/com/jayway/jsonpath/json-path/2.4.0/json-path-2.4.0.jar:/Users/manukhdez/.m2/repository/net/minidev/json-smart/2.3.1/json-smart-2.3.1.jar:/Users/manukhdez/.m2/repository/net/minidev/accessors-smart/2.3.1/accessors-smart-2.3.1.jar:/Users/manukhdez/.m2/repository/org/slf4j/slf4j-api/1.7.30/slf4j-api-1.7.30.jar:/Users/manukhdez/.m2/repository/jakarta/xml/bind/jakarta.xml.bind-api/2.3.3/jakarta.xml.bind-api-2.3.3.jar:/Users/manukhdez/.m2/repository/jakarta/activation/jakarta.activation-api/1.2.2/jakarta.activation-api-1.2.2.jar:/Users/manukhdez/.m2/repository/org/assertj/assertj-core/3.16.1/assertj-core-3.16.1.jar:/Users/manukhdez/.m2/repository/org/hamcrest/hamcrest/2.2/hamcrest-2.2.jar:/Users/manukhdez/.m2/repository/org/junit/jupiter/junit-jupiter/5.6.3/junit-jupiter-5.6.3.jar:/Users/manukhdez/.m2/repository/org/junit/jupiter/junit-jupiter-api/5.6.3/junit-jupiter-api-5.6.3.jar:/Users/manukhdez/.m2/repository/org/opentest4j/opentest4j/1.2.0/opentest4j-1.2.0.jar:/Users/manukhdez/.m2/repository/org/junit/platform/junit-platform-commons/1.6.3/junit-platform-commons-1.6.3.jar:/Users/manukhdez/.m2/repository/org/junit/jupiter/junit-jupiter-params/5.6.3/junit-jupiter-params-5.6.3.jar:/Users/manukhdez/.m2/repository/org/junit/jupiter/junit-jupiter-engine/5.6.3/junit-jupiter-engine-5.6.3.jar:/Users/manukhdez/.m2/repository/org/junit/vintage/junit-vintage-engine/5.6.3/junit-vintage-engine-5.6.3.jar:/Users/manukhdez/.m2/repository/org/apiguardian/apiguardian-api/1.1.0/apiguardian-api-1.1.0.jar:/Users/manukhdez/.m2/repository/org/junit/platform/junit-platform-engine/1.6.3/junit-platform-engine-1.6.3.jar:/Users/manukhdez/.m2/repository/junit/junit/4.13.2/junit-4.13.2.jar:/Users/manukhdez/.m2/repository/org/mockito/mockito-core/3.3.3/mockito-core-3.3.3.jar:/Users/manukhdez/.m2/repository/net/bytebuddy/byte-buddy/1.10.22/byte-buddy-1.10.22.jar:/Users/manukhdez/.m2/repository/net/bytebuddy/byte-buddy-agent/1.10.22/byte-buddy-agent-1.10.22.jar:/Users/manukhdez/.m2/repository/org/objenesis/objenesis/2.6/objenesis-2.6.jar:/Users/manukhdez/.m2/repository/org/mockito/mockito-junit-jupiter/3.3.3/mockito-junit-jupiter-3.3.3.jar:/Users/manukhdez/.m2/repository/org/skyscreamer/jsonassert/1.5.0/jsonassert-1.5.0.jar:/Users/manukhdez/.m2/repository/com/vaadin/external/google/android-json/0.0.20131108.vaadin1/android-json-0.0.20131108.vaadin1.jar:/Users/manukhdez/.m2/repository/org/springframework/spring-core/5.2.15.RELEASE/spring-core-5.2.15.RELEASE.jar:/Users/manukhdez/.m2/repository/org/springframework/spring-jcl/5.2.15.RELEASE/spring-jcl-5.2.15.RELEASE.jar:/Users/manukhdez/.m2/repository/org/springframework/spring-test/5.2.15.RELEASE/spring-test-5.2.15.RELEASE.jar:/Users/manukhdez/.m2/repository/org/xmlunit/xmlunit-core/2.7.0/xmlunit-core-2.7.0.jar:/Users/manukhdez/.m2/repository/org/springframework/boot/spring-boot-devtools/2.3.12.RELEASE/spring-boot-devtools-2.3.12.RELEASE.jar:/Users/manukhdez/.m2/repository/org/springframework/boot/spring-boot/2.3.12.RELEASE/spring-boot-2.3.12.RELEASE.jar:/Users/manukhdez/.m2/repository/org/springframework/boot/spring-boot-autoconfigure/2.3.12.RELEASE/spring-boot-autoconfigure-2.3.12.RELEASE.jar:/Users/manukhdez/.m2/repository/org/springframework/cloud/spring-cloud-starter-oauth2/2.2.5.RELEASE/spring-cloud-starter-oauth2-2.2.5.RELEASE.jar:/Users/manukhdez/.m2/repository/org/springframework/cloud/spring-cloud-starter-security/2.2.5.RELEASE/spring-cloud-starter-security-2.2.5.RELEASE.jar:/Users/manukhdez/.m2/repository/org/springframework/cloud/spring-cloud-starter/2.2.8.RELEASE/spring-cloud-starter-2.2.8.RELEASE.jar:/Users/manukhdez/.m2/repository/org/springframework/cloud/spring-cloud-context/2.2.8.RELEASE/spring-cloud-context-2.2.8.RELEASE.jar:/Users/manukhdez/.m2/repository/org/springframework/security/spring-security-crypto/5.3.9.RELEASE/spring-security-crypto-5.3.9.RELEASE.jar:/Users/manukhdez/.m2/repository/org/springframework/cloud/spring-cloud-commons/2.2.8.RELEASE/spring-cloud-commons-2.2.8.RELEASE.jar:/Users/manukhdez/.m2/repository/org/springframework/security/spring-security-rsa/1.0.9.RELEASE/spring-security-rsa-1.0.9.RELEASE.jar:/Users/manukhdez/.m2/repository/org/springframework/boot/spring-boot-starter-actuator/2.3.12.RELEASE/spring-boot-starter-actuator-2.3.12.RELEASE.jar:/Users/manukhdez/.m2/repository/org/springframework/boot/spring-boot-actuator-autoconfigure/2.3.12.RELEASE/spring-boot-actuator-autoconfigure-2.3.12.RELEASE.jar:/Users/manukhdez/.m2/repository/org/springframework/boot/spring-boot-actuator/2.3.12.RELEASE/spring-boot-actuator-2.3.12.RELEASE.jar:/Users/manukhdez/.m2/repository/io/micrometer/micrometer-core/1.5.14/micrometer-core-1.5.14.jar:/Users/manukhdez/.m2/repository/org/hdrhistogram/HdrHistogram/2.1.12/HdrHistogram-2.1.12.jar:/Users/manukhdez/.m2/repository/org/latencyutils/LatencyUtils/2.0.3/LatencyUtils-2.0.3.jar:/Users/manukhdez/.m2/repository/org/springframework/cloud/spring-cloud-security/2.2.5.RELEASE/spring-cloud-security-2.2.5.RELEASE.jar:/Users/manukhdez/.m2/repository/org/springframework/boot/spring-boot-starter-security/2.3.12.RELEASE/spring-boot-starter-security-2.3.12.RELEASE.jar:/Users/manukhdez/.m2/repository/org/springframework/security/oauth/boot/spring-security-oauth2-autoconfigure/2.1.2.RELEASE/spring-security-oauth2-autoconfigure-2.1.2.RELEASE.jar:/Users/manukhdez/.m2/repository/com/sun/xml/bind/jaxb-core/2.3.0.1/jaxb-core-2.3.0.1.jar:/Users/manukhdez/.m2/repository/com/sun/xml/bind/jaxb-impl/2.3.0.1/jaxb-impl-2.3.0.1.jar:/Users/manukhdez/.m2/repository/javax/xml/bind/jaxb-api/2.3.1/jaxb-api-2.3.1.jar:/Users/manukhdez/.m2/repository/javax/activation/javax.activation-api/1.2.0/javax.activation-api-1.2.0.jar:/Users/manukhdez/.m2/repository/org/springframework/security/oauth/spring-security-oauth2/2.3.4.RELEASE/spring-security-oauth2-2.3.4.RELEASE.jar:/Users/manukhdez/.m2/repository/org/springframework/security/spring-security-config/5.3.9.RELEASE/spring-security-config-5.3.9.RELEASE.jar:/Users/manukhdez/.m2/repository/commons-codec/commons-codec/1.14/commons-codec-1.14.jar:/Users/manukhdez/.m2/repository/org/codehaus/jackson/jackson-mapper-asl/1.9.13/jackson-mapper-asl-1.9.13.jar:/Users/manukhdez/.m2/repository/org/codehaus/jackson/jackson-core-asl/1.9.13/jackson-core-asl-1.9.13.jar:/Users/manukhdez/.m2/repository/org/springframework/security/spring-security-jwt/1.0.9.RELEASE/spring-security-jwt-1.0.9.RELEASE.jar:/Users/manukhdez/.m2/repository/org/bouncycastle/bcpkix-jdk15on/1.56/bcpkix-jdk15on-1.56.jar:/Users/manukhdez/.m2/repository/org/bouncycastle/bcprov-jdk15on/1.56/bcprov-jdk15on-1.56.jar:/Users/manukhdez/.m2/repository/org/springframework/security/spring-security-test/5.3.9.RELEASE/spring-security-test-5.3.9.RELEASE.jar:/Users/manukhdez/.m2/repository/org/springframework/security/spring-security-core/5.3.9.RELEASE/spring-security-core-5.3.9.RELEASE.jar:/Users/manukhdez/.m2/repository/org/springframework/security/spring-security-web/5.3.9.RELEASE/spring-security-web-5.3.9.RELEASE.jar:/Users/manukhdez/.m2/repository/org/springframework/boot/spring-boot-starter-jdbc/2.3.12.RELEASE/spring-boot-starter-jdbc-2.3.12.RELEASE.jar:/Users/manukhdez/.m2/repository/com/zaxxer/HikariCP/3.4.5/HikariCP-3.4.5.jar:/Users/manukhdez/.m2/repository/org/springframework/spring-jdbc/5.2.15.RELEASE/spring-jdbc-5.2.15.RELEASE.jar:/Users/manukhdez/.m2/repository/org/springframework/spring-tx/5.2.15.RELEASE/spring-tx-5.2.15.RELEASE.jar:/Users/manukhdez/.m2/repository/t3b/dbconnection/jconn4d/1.0.0/jconn4d-1.0.0.jar:/Users/manukhdez/.m2/repository/net/sourceforge/jtds/jtds/1.3.1/jtds-1.3.1.jar:/Users/manukhdez/.m2/repository/t3b/dbconnection/ModuloDBConexion/1.0.1/ModuloDBConexion-1.0.1.jar:/Users/manukhdez/.m2/repository/org/springframework/boot/spring-boot-configuration-processor/2.3.12.RELEASE/spring-boot-configuration-processor-2.3.12.RELEASE.jar:"/>
    <property name="java.vm.vendor" value="Oracle Corporation"/>
    <property name="sun.arch.data.model" value="64"/>
    <property name="java.vendor.url" value="http://java.oracle.com/"/>
    <property name="user.timezone" value=""/>
    <property name="java.vm.specification.version" value="1.8"/>
    <property name="os.name" value="Mac OS X"/>
    <property name="user.country" value="MX"/>
    <property name="sun.java.launcher" value="SUN_STANDARD"/>
    <property name="sun.boot.library.path" value="/Library/Java/JavaVirtualMachines/jdk1.8.0_291.jdk/Contents/Home/jre/lib"/>
    <property name="sun.java.command" value="/Users/manukhdez/Desktop/Maquina3B/ManDoc/Proyectos/Android/Versiones_INV_ALM/MicroServicio/Codigo/AuthMServicesInventory/target/surefire/surefirebooter6702808059388065024.jar /Users/manukhdez/Desktop/Maquina3B/ManDoc/Proyectos/Android/Versiones_INV_ALM/MicroServicio/Codigo/AuthMServicesInventory/target/surefire 2022-01-21T15-23-25_581-jvmRun1 surefire3206123405697404931tmp surefire_03460854420902304443tmp"/>
    <property name="http.nonProxyHosts" value="local|*.local|169.254/16|*.169.254/16"/>
    <property name="surefire.test.class.path" value="/Users/manukhdez/Desktop/Maquina3B/ManDoc/Proyectos/Android/Versiones_INV_ALM/MicroServicio/Codigo/AuthMServicesInventory/target/test-classes:/Users/manukhdez/Desktop/Maquina3B/ManDoc/Proyectos/Android/Versiones_INV_ALM/MicroServicio/Codigo/AuthMServicesInventory/target/classes:/Users/manukhdez/.m2/repository/org/springframework/boot/spring-boot-starter-jersey/2.3.12.RELEASE/spring-boot-starter-jersey-2.3.12.RELEASE.jar:/Users/manukhdez/.m2/repository/org/springframework/boot/spring-boot-starter-json/2.3.12.RELEASE/spring-boot-starter-json-2.3.12.RELEASE.jar:/Users/manukhdez/.m2/repository/com/fasterxml/jackson/core/jackson-databind/2.11.4/jackson-databind-2.11.4.jar:/Users/manukhdez/.m2/repository/com/fasterxml/jackson/core/jackson-core/2.11.4/jackson-core-2.11.4.jar:/Users/manukhdez/.m2/repository/com/fasterxml/jackson/datatype/jackson-datatype-jdk8/2.11.4/jackson-datatype-jdk8-2.11.4.jar:/Users/manukhdez/.m2/repository/com/fasterxml/jackson/datatype/jackson-datatype-jsr310/2.11.4/jackson-datatype-jsr310-2.11.4.jar:/Users/manukhdez/.m2/repository/com/fasterxml/jackson/module/jackson-module-parameter-names/2.11.4/jackson-module-parameter-names-2.11.4.jar:/Users/manukhdez/.m2/repository/org/springframework/boot/spring-boot-starter-tomcat/2.3.12.RELEASE/spring-boot-starter-tomcat-2.3.12.RELEASE.jar:/Users/manukhdez/.m2/repository/jakarta/annotation/jakarta.annotation-api/1.3.5/jakarta.annotation-api-1.3.5.jar:/Users/manukhdez/.m2/repository/org/apache/tomcat/embed/tomcat-embed-core/9.0.46/tomcat-embed-core-9.0.46.jar:/Users/manukhdez/.m2/repository/org/glassfish/jakarta.el/3.0.3/jakarta.el-3.0.3.jar:/Users/manukhdez/.m2/repository/org/apache/tomcat/embed/tomcat-embed-websocket/9.0.46/tomcat-embed-websocket-9.0.46.jar:/Users/manukhdez/.m2/repository/org/springframework/boot/spring-boot-starter-validation/2.3.12.RELEASE/spring-boot-starter-validation-2.3.12.RELEASE.jar:/Users/manukhdez/.m2/repository/org/hibernate/validator/hibernate-validator/6.1.7.Final/hibernate-validator-6.1.7.Final.jar:/Users/manukhdez/.m2/repository/org/jboss/logging/jboss-logging/3.4.2.Final/jboss-logging-3.4.2.Final.jar:/Users/manukhdez/.m2/repository/com/fasterxml/classmate/1.5.1/classmate-1.5.1.jar:/Users/manukhdez/.m2/repository/org/springframework/spring-web/5.2.15.RELEASE/spring-web-5.2.15.RELEASE.jar:/Users/manukhdez/.m2/repository/org/springframework/spring-beans/5.2.15.RELEASE/spring-beans-5.2.15.RELEASE.jar:/Users/manukhdez/.m2/repository/org/glassfish/jersey/core/jersey-server/2.30.1/jersey-server-2.30.1.jar:/Users/manukhdez/.m2/repository/org/glassfish/jersey/core/jersey-common/2.30.1/jersey-common-2.30.1.jar:/Users/manukhdez/.m2/repository/org/glassfish/hk2/osgi-resource-locator/1.0.3/osgi-resource-locator-1.0.3.jar:/Users/manukhdez/.m2/repository/org/glassfish/jersey/core/jersey-client/2.30.1/jersey-client-2.30.1.jar:/Users/manukhdez/.m2/repository/jakarta/ws/rs/jakarta.ws.rs-api/2.1.6/jakarta.ws.rs-api-2.1.6.jar:/Users/manukhdez/.m2/repository/org/glassfish/jersey/media/jersey-media-jaxb/2.30.1/jersey-media-jaxb-2.30.1.jar:/Users/manukhdez/.m2/repository/org/glassfish/hk2/external/jakarta.inject/2.6.1/jakarta.inject-2.6.1.jar:/Users/manukhdez/.m2/repository/jakarta/validation/jakarta.validation-api/2.0.2/jakarta.validation-api-2.0.2.jar:/Users/manukhdez/.m2/repository/org/glassfish/jersey/containers/jersey-container-servlet-core/2.30.1/jersey-container-servlet-core-2.30.1.jar:/Users/manukhdez/.m2/repository/org/glassfish/jersey/containers/jersey-container-servlet/2.30.1/jersey-container-servlet-2.30.1.jar:/Users/manukhdez/.m2/repository/org/glassfish/jersey/ext/jersey-bean-validation/2.30.1/jersey-bean-validation-2.30.1.jar:/Users/manukhdez/.m2/repository/org/glassfish/jersey/ext/jersey-spring5/2.30.1/jersey-spring5-2.30.1.jar:/Users/manukhdez/.m2/repository/org/glassfish/jersey/inject/jersey-hk2/2.30.1/jersey-hk2-2.30.1.jar:/Users/manukhdez/.m2/repository/org/glassfish/hk2/hk2-locator/2.6.1/hk2-locator-2.6.1.jar:/Users/manukhdez/.m2/repository/org/glassfish/hk2/external/aopalliance-repackaged/2.6.1/aopalliance-repackaged-2.6.1.jar:/Users/manukhdez/.m2/repository/org/javassist/javassist/3.25.0-GA/javassist-3.25.0-GA.jar:/Users/manukhdez/.m2/repository/org/glassfish/hk2/hk2/2.6.1/hk2-2.6.1.jar:/Users/manukhdez/.m2/repository/org/glassfish/hk2/hk2-utils/2.6.1/hk2-utils-2.6.1.jar:/Users/manukhdez/.m2/repository/org/glassfish/hk2/hk2-api/2.6.1/hk2-api-2.6.1.jar:/Users/manukhdez/.m2/repository/org/glassfish/hk2/hk2-core/2.6.1/hk2-core-2.6.1.jar:/Users/manukhdez/.m2/repository/org/glassfish/hk2/hk2-runlevel/2.6.1/hk2-runlevel-2.6.1.jar:/Users/manukhdez/.m2/repository/org/glassfish/hk2/class-model/2.6.1/class-model-2.6.1.jar:/Users/manukhdez/.m2/repository/org/ow2/asm/asm/7.1/asm-7.1.jar:/Users/manukhdez/.m2/repository/org/ow2/asm/asm-analysis/7.1/asm-analysis-7.1.jar:/Users/manukhdez/.m2/repository/org/ow2/asm/asm-commons/7.1/asm-commons-7.1.jar:/Users/manukhdez/.m2/repository/org/ow2/asm/asm-tree/7.1/asm-tree-7.1.jar:/Users/manukhdez/.m2/repository/org/ow2/asm/asm-util/7.1/asm-util-7.1.jar:/Users/manukhdez/.m2/repository/org/glassfish/hk2/spring-bridge/2.6.1/spring-bridge-2.6.1.jar:/Users/manukhdez/.m2/repository/org/springframework/spring-context/5.2.15.RELEASE/spring-context-5.2.15.RELEASE.jar:/Users/manukhdez/.m2/repository/org/springframework/spring-aop/5.2.15.RELEASE/spring-aop-5.2.15.RELEASE.jar:/Users/manukhdez/.m2/repository/org/glassfish/jersey/media/jersey-media-json-jackson/2.30.1/jersey-media-json-jackson-2.30.1.jar:/Users/manukhdez/.m2/repository/org/glassfish/jersey/ext/jersey-entity-filtering/2.30.1/jersey-entity-filtering-2.30.1.jar:/Users/manukhdez/.m2/repository/com/fasterxml/jackson/core/jackson-annotations/2.11.4/jackson-annotations-2.11.4.jar:/Users/manukhdez/.m2/repository/com/fasterxml/jackson/module/jackson-module-jaxb-annotations/2.11.4/jackson-module-jaxb-annotations-2.11.4.jar:/Users/manukhdez/.m2/repository/org/springframework/boot/spring-boot-starter-web/2.3.12.RELEASE/spring-boot-starter-web-2.3.12.RELEASE.jar:/Users/manukhdez/.m2/repository/org/springframework/boot/spring-boot-starter/2.3.12.RELEASE/spring-boot-starter-2.3.12.RELEASE.jar:/Users/manukhdez/.m2/repository/org/springframework/boot/spring-boot-starter-logging/2.3.12.RELEASE/spring-boot-starter-logging-2.3.12.RELEASE.jar:/Users/manukhdez/.m2/repository/ch/qos/logback/logback-classic/1.2.3/logback-classic-1.2.3.jar:/Users/manukhdez/.m2/repository/ch/qos/logback/logback-core/1.2.3/logback-core-1.2.3.jar:/Users/manukhdez/.m2/repository/org/apache/logging/log4j/log4j-to-slf4j/2.13.3/log4j-to-slf4j-2.13.3.jar:/Users/manukhdez/.m2/repository/org/apache/logging/log4j/log4j-api/2.13.3/log4j-api-2.13.3.jar:/Users/manukhdez/.m2/repository/org/slf4j/jul-to-slf4j/1.7.30/jul-to-slf4j-1.7.30.jar:/Users/manukhdez/.m2/repository/org/yaml/snakeyaml/1.26/snakeyaml-1.26.jar:/Users/manukhdez/.m2/repository/org/springframework/spring-webmvc/5.2.15.RELEASE/spring-webmvc-5.2.15.RELEASE.jar:/Users/manukhdez/.m2/repository/org/springframework/spring-expression/5.2.15.RELEASE/spring-expression-5.2.15.RELEASE.jar:/Users/manukhdez/.m2/repository/org/springframework/boot/spring-boot-starter-web-services/2.3.12.RELEASE/spring-boot-starter-web-services-2.3.12.RELEASE.jar:/Users/manukhdez/.m2/repository/com/sun/xml/messaging/saaj/saaj-impl/1.5.3/saaj-impl-1.5.3.jar:/Users/manukhdez/.m2/repository/jakarta/xml/soap/jakarta.xml.soap-api/1.4.2/jakarta.xml.soap-api-1.4.2.jar:/Users/manukhdez/.m2/repository/org/jvnet/staxex/stax-ex/1.8.3/stax-ex-1.8.3.jar:/Users/manukhdez/.m2/repository/com/sun/activation/jakarta.activation/1.2.2/jakarta.activation-1.2.2.jar:/Users/manukhdez/.m2/repository/jakarta/xml/ws/jakarta.xml.ws-api/2.3.3/jakarta.xml.ws-api-2.3.3.jar:/Users/manukhdez/.m2/repository/jakarta/jws/jakarta.jws-api/2.1.0/jakarta.jws-api-2.1.0.jar:/Users/manukhdez/.m2/repository/org/springframework/spring-oxm/5.2.15.RELEASE/spring-oxm-5.2.15.RELEASE.jar:/Users/manukhdez/.m2/repository/org/springframework/ws/spring-ws-core/3.0.10.RELEASE/spring-ws-core-3.0.10.RELEASE.jar:/Users/manukhdez/.m2/repository/org/springframework/ws/spring-xml/3.0.10.RELEASE/spring-xml-3.0.10.RELEASE.jar:/Users/manukhdez/.m2/repository/org/springframework/boot/spring-boot-starter-test/2.3.12.RELEASE/spring-boot-starter-test-2.3.12.RELEASE.jar:/Users/manukhdez/.m2/repository/org/springframework/boot/spring-boot-test/2.3.12.RELEASE/spring-boot-test-2.3.12.RELEASE.jar:/Users/manukhdez/.m2/repository/org/springframework/boot/spring-boot-test-autoconfigure/2.3.12.RELEASE/spring-boot-test-autoconfigure-2.3.12.RELEASE.jar:/Users/manukhdez/.m2/repository/com/jayway/jsonpath/json-path/2.4.0/json-path-2.4.0.jar:/Users/manukhdez/.m2/repository/net/minidev/json-smart/2.3.1/json-smart-2.3.1.jar:/Users/manukhdez/.m2/repository/net/minidev/accessors-smart/2.3.1/accessors-smart-2.3.1.jar:/Users/manukhdez/.m2/repository/org/slf4j/slf4j-api/1.7.30/slf4j-api-1.7.30.jar:/Users/manukhdez/.m2/repository/jakarta/xml/bind/jakarta.xml.bind-api/2.3.3/jakarta.xml.bind-api-2.3.3.jar:/Users/manukhdez/.m2/repository/jakarta/activation/jakarta.activation-api/1.2.2/jakarta.activation-api-1.2.2.jar:/Users/manukhdez/.m2/repository/org/assertj/assertj-core/3.16.1/assertj-core-3.16.1.jar:/Users/manukhdez/.m2/repository/org/hamcrest/hamcrest/2.2/hamcrest-2.2.jar:/Users/manukhdez/.m2/repository/org/junit/jupiter/junit-jupiter/5.6.3/junit-jupiter-5.6.3.jar:/Users/manukhdez/.m2/repository/org/junit/jupiter/junit-jupiter-api/5.6.3/junit-jupiter-api-5.6.3.jar:/Users/manukhdez/.m2/repository/org/opentest4j/opentest4j/1.2.0/opentest4j-1.2.0.jar:/Users/manukhdez/.m2/repository/org/junit/platform/junit-platform-commons/1.6.3/junit-platform-commons-1.6.3.jar:/Users/manukhdez/.m2/repository/org/junit/jupiter/junit-jupiter-params/5.6.3/junit-jupiter-params-5.6.3.jar:/Users/manukhdez/.m2/repository/org/junit/jupiter/junit-jupiter-engine/5.6.3/junit-jupiter-engine-5.6.3.jar:/Users/manukhdez/.m2/repository/org/junit/vintage/junit-vintage-engine/5.6.3/junit-vintage-engine-5.6.3.jar:/Users/manukhdez/.m2/repository/org/apiguardian/apiguardian-api/1.1.0/apiguardian-api-1.1.0.jar:/Users/manukhdez/.m2/repository/org/junit/platform/junit-platform-engine/1.6.3/junit-platform-engine-1.6.3.jar:/Users/manukhdez/.m2/repository/junit/junit/4.13.2/junit-4.13.2.jar:/Users/manukhdez/.m2/repository/org/mockito/mockito-core/3.3.3/mockito-core-3.3.3.jar:/Users/manukhdez/.m2/repository/net/bytebuddy/byte-buddy/1.10.22/byte-buddy-1.10.22.jar:/Users/manukhdez/.m2/repository/net/bytebuddy/byte-buddy-agent/1.10.22/byte-buddy-agent-1.10.22.jar:/Users/manukhdez/.m2/repository/org/objenesis/objenesis/2.6/objenesis-2.6.jar:/Users/manukhdez/.m2/repository/org/mockito/mockito-junit-jupiter/3.3.3/mockito-junit-jupiter-3.3.3.jar:/Users/manukhdez/.m2/repository/org/skyscreamer/jsonassert/1.5.0/jsonassert-1.5.0.jar:/Users/manukhdez/.m2/repository/com/vaadin/external/google/android-json/0.0.20131108.vaadin1/android-json-0.0.20131108.vaadin1.jar:/Users/manukhdez/.m2/repository/org/springframework/spring-core/5.2.15.RELEASE/spring-core-5.2.15.RELEASE.jar:/Users/manukhdez/.m2/repository/org/springframework/spring-jcl/5.2.15.RELEASE/spring-jcl-5.2.15.RELEASE.jar:/Users/manukhdez/.m2/repository/org/springframework/spring-test/5.2.15.RELEASE/spring-test-5.2.15.RELEASE.jar:/Users/manukhdez/.m2/repository/org/xmlunit/xmlunit-core/2.7.0/xmlunit-core-2.7.0.jar:/Users/manukhdez/.m2/repository/org/springframework/boot/spring-boot-devtools/2.3.12.RELEASE/spring-boot-devtools-2.3.12.RELEASE.jar:/Users/manukhdez/.m2/repository/org/springframework/boot/spring-boot/2.3.12.RELEASE/spring-boot-2.3.12.RELEASE.jar:/Users/manukhdez/.m2/repository/org/springframework/boot/spring-boot-autoconfigure/2.3.12.RELEASE/spring-boot-autoconfigure-2.3.12.RELEASE.jar:/Users/manukhdez/.m2/repository/org/springframework/cloud/spring-cloud-starter-oauth2/2.2.5.RELEASE/spring-cloud-starter-oauth2-2.2.5.RELEASE.jar:/Users/manukhdez/.m2/repository/org/springframework/cloud/spring-cloud-starter-security/2.2.5.RELEASE/spring-cloud-starter-security-2.2.5.RELEASE.jar:/Users/manukhdez/.m2/repository/org/springframework/cloud/spring-cloud-starter/2.2.8.RELEASE/spring-cloud-starter-2.2.8.RELEASE.jar:/Users/manukhdez/.m2/repository/org/springframework/cloud/spring-cloud-context/2.2.8.RELEASE/spring-cloud-context-2.2.8.RELEASE.jar:/Users/manukhdez/.m2/repository/org/springframework/security/spring-security-crypto/5.3.9.RELEASE/spring-security-crypto-5.3.9.RELEASE.jar:/Users/manukhdez/.m2/repository/org/springframework/cloud/spring-cloud-commons/2.2.8.RELEASE/spring-cloud-commons-2.2.8.RELEASE.jar:/Users/manukhdez/.m2/repository/org/springframework/security/spring-security-rsa/1.0.9.RELEASE/spring-security-rsa-1.0.9.RELEASE.jar:/Users/manukhdez/.m2/repository/org/springframework/boot/spring-boot-starter-actuator/2.3.12.RELEASE/spring-boot-starter-actuator-2.3.12.RELEASE.jar:/Users/manukhdez/.m2/repository/org/springframework/boot/spring-boot-actuator-autoconfigure/2.3.12.RELEASE/spring-boot-actuator-autoconfigure-2.3.12.RELEASE.jar:/Users/manukhdez/.m2/repository/org/springframework/boot/spring-boot-actuator/2.3.12.RELEASE/spring-boot-actuator-2.3.12.RELEASE.jar:/Users/manukhdez/.m2/repository/io/micrometer/micrometer-core/1.5.14/micrometer-core-1.5.14.jar:/Users/manukhdez/.m2/repository/org/hdrhistogram/HdrHistogram/2.1.12/HdrHistogram-2.1.12.jar:/Users/manukhdez/.m2/repository/org/latencyutils/LatencyUtils/2.0.3/LatencyUtils-2.0.3.jar:/Users/manukhdez/.m2/repository/org/springframework/cloud/spring-cloud-security/2.2.5.RELEASE/spring-cloud-security-2.2.5.RELEASE.jar:/Users/manukhdez/.m2/repository/org/springframework/boot/spring-boot-starter-security/2.3.12.RELEASE/spring-boot-starter-security-2.3.12.RELEASE.jar:/Users/manukhdez/.m2/repository/org/springframework/security/oauth/boot/spring-security-oauth2-autoconfigure/2.1.2.RELEASE/spring-security-oauth2-autoconfigure-2.1.2.RELEASE.jar:/Users/manukhdez/.m2/repository/com/sun/xml/bind/jaxb-core/2.3.0.1/jaxb-core-2.3.0.1.jar:/Users/manukhdez/.m2/repository/com/sun/xml/bind/jaxb-impl/2.3.0.1/jaxb-impl-2.3.0.1.jar:/Users/manukhdez/.m2/repository/javax/xml/bind/jaxb-api/2.3.1/jaxb-api-2.3.1.jar:/Users/manukhdez/.m2/repository/javax/activation/javax.activation-api/1.2.0/javax.activation-api-1.2.0.jar:/Users/manukhdez/.m2/repository/org/springframework/security/oauth/spring-security-oauth2/2.3.4.RELEASE/spring-security-oauth2-2.3.4.RELEASE.jar:/Users/manukhdez/.m2/repository/org/springframework/security/spring-security-config/5.3.9.RELEASE/spring-security-config-5.3.9.RELEASE.jar:/Users/manukhdez/.m2/repository/commons-codec/commons-codec/1.14/commons-codec-1.14.jar:/Users/manukhdez/.m2/repository/org/codehaus/jackson/jackson-mapper-asl/1.9.13/jackson-mapper-asl-1.9.13.jar:/Users/manukhdez/.m2/repository/org/codehaus/jackson/jackson-core-asl/1.9.13/jackson-core-asl-1.9.13.jar:/Users/manukhdez/.m2/repository/org/springframework/security/spring-security-jwt/1.0.9.RELEASE/spring-security-jwt-1.0.9.RELEASE.jar:/Users/manukhdez/.m2/repository/org/bouncycastle/bcpkix-jdk15on/1.56/bcpkix-jdk15on-1.56.jar:/Users/manukhdez/.m2/repository/org/bouncycastle/bcprov-jdk15on/1.56/bcprov-jdk15on-1.56.jar:/Users/manukhdez/.m2/repository/org/springframework/security/spring-security-test/5.3.9.RELEASE/spring-security-test-5.3.9.RELEASE.jar:/Users/manukhdez/.m2/repository/org/springframework/security/spring-security-core/5.3.9.RELEASE/spring-security-core-5.3.9.RELEASE.jar:/Users/manukhdez/.m2/repository/org/springframework/security/spring-security-web/5.3.9.RELEASE/spring-security-web-5.3.9.RELEASE.jar:/Users/manukhdez/.m2/repository/org/springframework/boot/spring-boot-starter-jdbc/2.3.12.RELEASE/spring-boot-starter-jdbc-2.3.12.RELEASE.jar:/Users/manukhdez/.m2/repository/com/zaxxer/HikariCP/3.4.5/HikariCP-3.4.5.jar:/Users/manukhdez/.m2/repository/org/springframework/spring-jdbc/5.2.15.RELEASE/spring-jdbc-5.2.15.RELEASE.jar:/Users/manukhdez/.m2/repository/org/springframework/spring-tx/5.2.15.RELEASE/spring-tx-5.2.15.RELEASE.jar:/Users/manukhdez/.m2/repository/t3b/dbconnection/jconn4d/1.0.0/jconn4d-1.0.0.jar:/Users/manukhdez/.m2/repository/net/sourceforge/jtds/jtds/1.3.1/jtds-1.3.1.jar:/Users/manukhdez/.m2/repository/t3b/dbconnection/ModuloDBConexion/1.0.1/ModuloDBConexion-1.0.1.jar:/Users/manukhdez/.m2/repository/org/springframework/boot/spring-boot-configuration-processor/2.3.12.RELEASE/spring-boot-configuration-processor-2.3.12.RELEASE.jar:"/>
    <property name="sun.cpu.endian" value="little"/>
    <property name="user.home" value="/Users/manukhdez"/>
    <property name="user.language" value="es"/>
    <property name="java.specification.vendor" value="Oracle Corporation"/>
    <property name="java.home" value="/Library/Java/JavaVirtualMachines/jdk1.8.0_291.jdk/Contents/Home/jre"/>
    <property name="basedir" value="/Users/manukhdez/Desktop/Maquina3B/ManDoc/Proyectos/Android/Versiones_INV_ALM/MicroServicio/Codigo/AuthMServicesInventory"/>
    <property name="style.color" value="always"/>
    <property name="file.separator" value="/"/>
    <property name="line.separator" value="&#10;"/>
    <property name="java.vm.specification.vendor" value="Oracle Corporation"/>
    <property name="java.specification.name" value="Java Platform API Specification"/>
    <property name="java.awt.graphicsenv" value="sun.awt.CGraphicsEnvironment"/>
    <property name="surefire.real.class.path" value="/Users/manukhdez/Desktop/Maquina3B/ManDoc/Proyectos/Android/Versiones_INV_ALM/MicroServicio/Codigo/AuthMServicesInventory/target/surefire/surefirebooter6702808059388065024.jar"/>
    <property name="sun.boot.class.path" value="/Library/Java/JavaVirtualMachines/jdk1.8.0_291.jdk/Contents/Home/jre/lib/resources.jar:/Library/Java/JavaVirtualMachines/jdk1.8.0_291.jdk/Contents/Home/jre/lib/rt.jar:/Library/Java/JavaVirtualMachines/jdk1.8.0_291.jdk/Contents/Home/jre/lib/sunrsasign.jar:/Library/Java/JavaVirtualMachines/jdk1.8.0_291.jdk/Contents/Home/jre/lib/jsse.jar:/Library/Java/JavaVirtualMachines/jdk1.8.0_291.jdk/Contents/Home/jre/lib/jce.jar:/Library/Java/JavaVirtualMachines/jdk1.8.0_291.jdk/Contents/Home/jre/lib/charsets.jar:/Library/Java/JavaVirtualMachines/jdk1.8.0_291.jdk/Contents/Home/jre/lib/jfr.jar:/Library/Java/JavaVirtualMachines/jdk1.8.0_291.jdk/Contents/Home/jre/classes"/>
    <property name="sun.management.compiler" value="HotSpot 64-Bit Tiered Compilers"/>
    <property name="ftp.nonProxyHosts" value="local|*.local|169.254/16|*.169.254/16"/>
    <property name="java.runtime.version" value="1.8.0_291-b10"/>
    <property name="user.name" value="manukhdez"/>
    <property name="path.separator" value=":"/>
    <property name="os.version" value="10.16"/>
    <property name="java.endorsed.dirs" value="/Library/Java/JavaVirtualMachines/jdk1.8.0_291.jdk/Contents/Home/jre/lib/endorsed"/>
    <property name="java.runtime.name" value="Java(TM) SE Runtime Environment"/>
    <property name="file.encoding" value="UTF-8"/>
    <property name="java.vm.name" value="Java HotSpot(TM) 64-Bit Server VM"/>
    <property name="localRepository" value="/Users/manukhdez/.m2/repository"/>
    <property name="java.vendor.url.bug" value="http://bugreport.sun.com/bugreport/"/>
    <property name="java.io.tmpdir" value="/var/folders/0t/k74yqlyj0fg_w7n1w_5wvhww0000gn/T/"/>
    <property name="java.version" value="1.8.0_291"/>
    <property name="user.dir" value="/Users/manukhdez/Desktop/Maquina3B/ManDoc/Proyectos/Android/Versiones_INV_ALM/MicroServicio/Codigo/AuthMServicesInventory"/>
    <property name="os.arch" value="x86_64"/>
    <property name="java.vm.specification.name" value="Java Virtual Machine Specification"/>
    <property name="java.awt.printerjob" value="sun.lwawt.macosx.CPrinterJob"/>
    <property name="sun.os.patch.level" value="unknown"/>
    <property name="java.library.path" value="/Users/manukhdez/Library/Java/Extensions:/Library/Java/Extensions:/Network/Library/Java/Extensions:/System/Library/Java/Extensions:/usr/lib/java:."/>
    <property name="java.vm.info" value="mixed mode"/>
    <property name="java.vendor" value="Oracle Corporation"/>
    <property name="java.vm.version" value="25.291-b10"/>
    <property name="java.ext.dirs" value="/Users/manukhdez/Library/Java/Extensions:/Library/Java/JavaVirtualMachines/jdk1.8.0_291.jdk/Contents/Home/jre/lib/ext:/Library/Java/Extensions:/Network/Library/Java/Extensions:/System/Library/Java/Extensions:/usr/lib/java"/>
    <property name="sun.io.unicode.encoding" value="UnicodeBig"/>
    <property name="java.class.version" value="52.0"/>
    <property name="socksNonProxyHosts" value="local|*.local|169.254/16|*.169.254/16"/>
  </properties>
  <testcase name="contextLoads" classname="com.t3b.msinventory.AuthMServicesInventoryApplicationTests" time="0.399"/>
</testsuite>